<?xml version="1.0" encoding="utf-8"?><testsuites name="pytest tests"><testsuite name="pytest" errors="0" failures="0" skipped="0" tests="18" time="10.266" timestamp="2026-05-09T16:40:25.676708+00:00" hostname="agent-env-cdd0d1b6-3f6d-4789-a6f8-59b89187586d"><testcase classname="backend.tests.test_admin_login_intelligence" name="test_admin_me_admin" time="0.623" /><testcase classname="backend.tests.test_admin_login_intelligence" name="test_admin_me_nonadmin_403" time="0.477" /><testcase classname="backend.tests.test_admin_login_intelligence" name="test_admin_me_no_auth_401" time="0.107" /><testcase classname="backend.tests.test_admin_login_intelligence" name="test_login_events_no_raw_ip" time="0.103" /><testcase classname="backend.tests.test_admin_login_intelligence" name="test_login_events_pagination_shape" time="0.105" /><testcase classname="backend.tests.test_admin_login_intelligence" name="test_login_events_filter_by_email" time="0.102" /><testcase classname="backend.tests.test_admin_login_intelligence" name="test_login_events_filter_by_event_type_failed" time="0.946" /><testcase classname="backend.tests.test_admin_login_intelligence" name="test_login_events_filter_by_method" time="0.122" /><testcase classname="backend.tests.test_admin_login_intelligence" name="test_login_events_nonadmin_403" time="0.121" /><testcase classname="backend.tests.test_admin_login_intelligence" name="test_login_events_summary_shape" time="0.147" /><testcase classname="backend.tests.test_admin_login_intelligence" name="test_register_records_success_event" time="0.955" /><testcase classname="backend.tests.test_admin_login_intelligence" name="test_logout_records_event" time="1.063" /><testcase classname="backend.tests.test_admin_login_intelligence" name="test_failed_unknown_email_recorded" time="0.753" /><testcase classname="backend.tests.test_admin_login_intelligence" name="test_ua_parse_iphone" time="0.956" /><testcase classname="backend.tests.test_admin_login_intelligence" name="test_ua_parse_chrome_desktop" time="0.947" /><testcase classname="backend.tests.test_admin_login_intelligence" name="test_ua_parse_android_mobile" time="0.966" /><testcase classname="backend.tests.test_admin_login_intelligence" name="test_cf_ipcountry_header_via_localhost" time="0.731" /><testcase classname="backend.tests.test_admin_login_intelligence" name="test_cf_ipcountry_public_ingress_strips_header" time="0.955" /></testsuite></testsuites>