<?xml version="1.0" encoding="utf-8"?><testsuites name="pytest tests"><testsuite name="pytest" errors="0" failures="0" skipped="0" tests="55" time="9.769" timestamp="2026-08-13T15:30:02.501031+00:00" hostname="agent-env-cdd0d1b6-3f6d-4789-a6f8-59b89187586d"><testcase classname="backend.tests.test_admin_sweep_iter35" name="test_admin_get_returns_200[/api/admin/anonymous/metrics]" time="0.183" /><testcase classname="backend.tests.test_admin_sweep_iter35" name="test_admin_get_returns_200[/api/admin/anonymous/reports]" time="0.129" /><testcase classname="backend.tests.test_admin_sweep_iter35" name="test_admin_get_returns_200[/api/admin/anonymous/messages/flagged]" time="0.140" /><testcase classname="backend.tests.test_admin_sweep_iter35" name="test_admin_get_returns_200[/api/admin/anonymous/observability]" time="0.176" /><testcase classname="backend.tests.test_admin_sweep_iter35" name="test_admin_get_returns_200[/api/admin/debates?days=30]" time="0.137" /><testcase classname="backend.tests.test_admin_sweep_iter35" name="test_admin_get_returns_200[/api/admin/debates/retention?days=30]" time="0.150" /><testcase classname="backend.tests.test_admin_sweep_iter35" name="test_admin_get_returns_200[/api/admin/safety/moderation?days=7]" time="0.140" /><testcase classname="backend.tests.test_admin_sweep_iter35" name="test_admin_get_returns_200[/api/admin/anti-abuse/summary]" time="0.143" /><testcase classname="backend.tests.test_admin_sweep_iter35" name="test_admin_get_returns_200[/api/admin/anti-abuse/recent]" time="0.144" /><testcase classname="backend.tests.test_admin_sweep_iter35" name="test_admin_get_returns_200[/api/admin/anti-abuse/suspicious-users]" time="0.132" /><testcase classname="backend.tests.test_admin_sweep_iter35" name="test_admin_get_returns_200[/api/admin/anti-abuse/blocked-users]" time="0.169" /><testcase classname="backend.tests.test_admin_sweep_iter35" name="test_admin_get_returns_200[/api/admin/voice/metrics?days=14]" time="0.126" /><testcase classname="backend.tests.test_admin_sweep_iter35" name="test_admin_get_returns_200[/api/admin/translation-chat/metrics?days=14]" time="0.133" /><testcase classname="backend.tests.test_admin_sweep_iter35" name="test_admin_get_returns_200[/api/admin/delayed-messages/metrics?days=30]" time="0.160" /><testcase classname="backend.tests.test_admin_sweep_iter35" name="test_admin_get_returns_200[/api/admin/delayed-messages/queue]" time="0.172" /><testcase classname="backend.tests.test_admin_sweep_iter35" name="test_admin_get_returns_200[/api/admin/avatar-chat/metrics?days=14]" time="0.120" /><testcase classname="backend.tests.test_admin_sweep_iter35" name="test_admin_get_returns_200[/api/admin/avatar-chat/jobs]" time="0.188" /><testcase classname="backend.tests.test_admin_sweep_iter35" name="test_admin_get_returns_200[/api/admin/login-events?days=7]" time="0.152" /><testcase classname="backend.tests.test_admin_sweep_iter35" name="test_admin_get_returns_200[/api/admin/login-events/summary?days=7]" time="0.120" /><testcase classname="backend.tests.test_admin_sweep_iter35" name="test_admin_get_returns_200[/api/admin/revenue/subscriber-motion?days=30]" time="0.119" /><testcase classname="backend.tests.test_admin_sweep_iter35" name="test_admin_get_returns_200[/api/admin/revenue/subscriber-motion/target]" time="0.122" /><testcase classname="backend.tests.test_admin_sweep_iter35" name="test_admin_get_returns_200[/api/admin/revenue/subscriber-trend?days=30]" time="0.156" /><testcase classname="backend.tests.test_admin_sweep_iter35" name="test_admin_get_returns_200[/api/admin/cost-telemetry/cost-config]" time="0.135" /><testcase classname="backend.tests.test_admin_sweep_iter35" name="test_admin_get_returns_200[/api/admin/cost-telemetry/profit-per-feature?days=30]" time="0.146" /><testcase classname="backend.tests.test_admin_sweep_iter35" name="test_admin_get_returns_200[/api/admin/cost-telemetry/contribution-by-source?days=30]" time="0.137" /><testcase classname="backend.tests.test_admin_sweep_iter35" name="test_admin_get_returns_200[/api/admin/cost-telemetry/loss-making?days=30]" time="0.140" /><testcase classname="backend.tests.test_admin_sweep_iter35" name="test_admin_get_returns_200[/api/admin/exit-insights?days=90]" time="0.132" /><testcase classname="backend.tests.test_admin_sweep_iter35" name="test_admin_get_returns_200[/api/admin/user-activity?days=30&amp;limit=20]" time="0.150" /><testcase classname="backend.tests.test_admin_sweep_iter35" name="test_admin_get_returns_200[/api/admin/chats?limit=20]" time="0.218" /><testcase classname="backend.tests.test_admin_sweep_iter35" name="test_admin_get_returns_200[/api/admin/billing/webhook-logs?limit=20]" time="0.129" /><testcase classname="backend.tests.test_admin_sweep_iter35" name="test_admin_get_returns_200[/api/admin/revenue/funnel?days=30]" time="0.137" /><testcase classname="backend.tests.test_admin_sweep_iter35" name="test_admin_get_returns_200[/api/admin/revenue/revenue?days=30]" time="0.185" /><testcase classname="backend.tests.test_admin_sweep_iter35" name="test_admin_get_returns_200[/api/admin/revenue/credit-economy?days=30]" time="0.136" /><testcase classname="backend.tests.test_admin_sweep_iter35" name="test_admin_get_returns_200[/api/admin/revenue/emotional-gravity?days=30]" time="0.141" /><testcase classname="backend.tests.test_admin_sweep_iter35" name="test_admin_get_returns_200[/api/admin/revenue/cohorts?days=30]" time="0.939" /><testcase classname="backend.tests.test_admin_sweep_iter35" name="test_admin_get_returns_200[/api/admin/revenue/operational-health]" time="0.150" /><testcase classname="backend.tests.test_admin_sweep_iter35" name="test_admin_get_returns_200[/api/admin/billing/users/search?q=a]" time="0.127" /><testcase classname="backend.tests.test_admin_sweep_iter35" name="test_admin_get_returns_200[/api/admin/email/health]" time="0.151" /><testcase classname="backend.tests.test_admin_sweep_iter35" name="test_admin_get_returns_200[/api/admin/billing/renewal-reminders/summary]" time="0.120" /><testcase classname="backend.tests.test_admin_sweep_iter35" name="test_admin_get_returns_200[/api/admin/support/threads]" time="0.140" /><testcase classname="backend.tests.test_admin_sweep_iter35" name="test_admin_get_returns_200[/api/admin/me]" time="0.125" /><testcase classname="backend.tests.test_admin_sweep_iter35" name="test_admin_get_unauth_returns_401_or_403[/api/admin/anonymous/metrics]" time="0.138" /><testcase classname="backend.tests.test_admin_sweep_iter35" name="test_admin_get_unauth_returns_401_or_403[/api/admin/safety/moderation]" time="0.122" /><testcase classname="backend.tests.test_admin_sweep_iter35" name="test_admin_get_unauth_returns_401_or_403[/api/admin/anti-abuse/summary]" time="0.119" /><testcase classname="backend.tests.test_admin_sweep_iter35" name="test_admin_get_unauth_returns_401_or_403[/api/admin/avatar-chat/metrics]" time="0.163" /><testcase classname="backend.tests.test_admin_sweep_iter35" name="test_admin_get_unauth_returns_401_or_403[/api/admin/chats]" time="0.122" /><testcase classname="backend.tests.test_admin_sweep_iter35" name="test_admin_get_unauth_returns_401_or_403[/api/admin/billing/webhook-logs]" time="0.130" /><testcase classname="backend.tests.test_admin_sweep_iter35" name="test_admin_get_unauth_returns_401_or_403[/api/admin/revenue/funnel]" time="0.125" /><testcase classname="backend.tests.test_admin_sweep_iter35" name="test_admin_get_unauth_returns_401_or_403[/api/admin/support/threads]" time="0.141" /><testcase classname="backend.tests.test_admin_sweep_iter35" name="test_admin_get_unauth_returns_401_or_403[/api/admin/user-activity]" time="0.117" /><testcase classname="backend.tests.test_admin_sweep_iter35" name="test_admin_get_unauth_returns_401_or_403[/api/admin/email/health]" time="0.150" /><testcase classname="backend.tests.test_admin_sweep_iter35" name="test_audit_faces_dry_run" time="0.574" /><testcase classname="backend.tests.test_admin_sweep_iter35" name="test_enforce_zero_credit_policy_dry_run" time="0.133" /><testcase classname="backend.tests.test_admin_sweep_iter35" name="test_renewal_reminders_dry_run" time="0.130" /><testcase classname="backend.tests.test_admin_sweep_iter35" name="test_non_admin_blocked_from_admin_get" time="0.683" /></testsuite></testsuites>