<?xml version="1.0" encoding="utf-8"?><testsuites name="pytest tests"><testsuite name="pytest" errors="0" failures="0" skipped="0" tests="23" time="16.766" timestamp="2026-05-10T08:53:08.471850+00:00" hostname="agent-env-cdd0d1b6-3f6d-4789-a6f8-59b89187586d"><testcase classname="backend.tests.test_anonymous_reality.TestSession" name="test_create_session_idempotent" time="0.371" /><testcase classname="backend.tests.test_anonymous_reality.TestSession" name="test_different_device_different_handle" time="0.260" /><testcase classname="backend.tests.test_anonymous_reality.TestSession" name="test_me" time="0.115" /><testcase classname="backend.tests.test_anonymous_reality.TestRooms" name="test_list_rooms" time="0.138" /><testcase classname="backend.tests.test_anonymous_reality.TestRooms" name="test_get_room" time="0.109" /><testcase classname="backend.tests.test_anonymous_reality.TestRooms" name="test_seeded_messages" time="0.138" /><testcase classname="backend.tests.test_anonymous_reality.TestSendMessages" name="test_clean_message_allowed" time="1.045" /><testcase classname="backend.tests.test_anonymous_reality.TestSendMessages" name="test_toxic_blocked" time="0.833" /><testcase classname="backend.tests.test_anonymous_reality.TestSendMessages" name="test_doxxing_blocked" time="0.115" /><testcase classname="backend.tests.test_anonymous_reality.TestSendMessages" name="test_self_harm_allowed_with_system" time="3.065" /><testcase classname="backend.tests.test_anonymous_reality.TestReports" name="test_self_report_400" time="0.914" /><testcase classname="backend.tests.test_anonymous_reality.TestReports" name="test_other_can_report" time="1.606" /><testcase classname="backend.tests.test_anonymous_reality.TestTrack" name="test_known_event" time="0.101" /><testcase classname="backend.tests.test_anonymous_reality.TestTrack" name="test_unknown_event" time="0.099" /><testcase classname="backend.tests.test_anonymous_reality.TestPolling" name="test_polling_since_returns_only_newer" time="2.208" /><testcase classname="backend.tests.test_anonymous_reality.TestAdmin" name="test_non_admin_forbidden" time="0.111" /><testcase classname="backend.tests.test_anonymous_reality.TestAdmin" name="test_metrics" time="0.558" /><testcase classname="backend.tests.test_anonymous_reality.TestAdmin" name="test_reports_list" time="0.104" /><testcase classname="backend.tests.test_anonymous_reality.TestAdmin" name="test_flagged" time="0.105" /><testcase classname="backend.tests.test_anonymous_reality.TestAdmin" name="test_transcript" time="0.102" /><testcase classname="backend.tests.test_anonymous_reality.TestAdmin" name="test_remove_message" time="1.163" /><testcase classname="backend.tests.test_anonymous_reality.TestAdmin" name="test_freeze_unfreeze" time="1.223" /><testcase classname="backend.tests.test_anonymous_reality.TestAdmin" name="test_ban_session" time="2.188" /></testsuite></testsuites>