<?xml version="1.0" encoding="utf-8"?><testsuites name="pytest tests"><testsuite name="pytest" errors="0" failures="0" skipped="0" tests="10" time="69.833" timestamp="2026-06-11T18:08:46.562617+00:00" hostname="agent-env-cdd0d1b6-3f6d-4789-a6f8-59b89187586d"><testcase classname="tests.test_anti_abuse_integration.TestAdminEndpointAuth" name="test_summary_forbidden_for_normal_user" time="0.809" /><testcase classname="tests.test_anti_abuse_integration.TestAdminEndpointAuth" name="test_summary_ok_for_admin" time="0.676" /><testcase classname="tests.test_anti_abuse_integration.TestAdminEndpointAuth" name="test_recent_ok_for_admin" time="0.137" /><testcase classname="tests.test_anti_abuse_integration.TestAdminEndpointAuth" name="test_suspicious_users_ok_for_admin" time="0.101" /><testcase classname="tests.test_anti_abuse_integration.TestRateLimitOnChat" name="test_31st_request_returns_429" time="64.737" /><testcase classname="tests.test_anti_abuse_integration.TestRateLimitOnChat" name="test_audit_log_rate_limited_event_written" time="0.004" /><testcase classname="tests.test_anti_abuse_integration.TestBlockEnforcement" name="test_admin_blocks_normal_user_then_chat_returns_403" time="2.718" /><testcase classname="tests.test_anti_abuse_integration.TestBlockEnforcement" name="test_cannot_block_admin_user" time="0.129" /><testcase classname="tests.test_anti_abuse_integration.TestExemptAdminBypass" name="test_admin_chat_writes_exempt_event" time="0.365" /><testcase classname="tests.test_anti_abuse_integration.TestIndexes" name="test_anti_abuse_events_indexes" time="0.010" /></testsuite></testsuites>