<?xml version="1.0" encoding="utf-8"?><testsuites name="pytest tests"><testsuite name="pytest" errors="0" failures="0" skipped="0" tests="12" time="3.818" timestamp="2026-05-09T17:20:08.666359+00:00" hostname="agent-env-cdd0d1b6-3f6d-4789-a6f8-59b89187586d"><testcase classname="backend.tests.test_auth_google_migration.TestEmailAuthRegression" name="test_email_login_success" time="0.357" /><testcase classname="backend.tests.test_auth_google_migration.TestEmailAuthRegression" name="test_email_login_invalid" time="0.273" /><testcase classname="backend.tests.test_auth_google_migration.TestEmailAuthRegression" name="test_register_new_user" time="0.276" /><testcase classname="backend.tests.test_auth_google_migration.TestEmailAuthRegression" name="test_me_with_bearer_token" time="0.378" /><testcase classname="backend.tests.test_auth_google_migration.TestEmailAuthRegression" name="test_me_without_token" time="0.114" /><testcase classname="backend.tests.test_auth_google_migration.TestEmailAuthRegression" name="test_logout_with_bearer" time="0.503" /><testcase classname="backend.tests.test_auth_google_migration.TestGoogleConfig" name="test_google_config_returns_client_id" time="0.111" /><testcase classname="backend.tests.test_auth_google_migration.TestGoogleCallbackNegative" name="test_fake_code_returns_401" time="0.243" /><testcase classname="backend.tests.test_auth_google_migration.TestGoogleCallbackNegative" name="test_empty_code_returns_422" time="0.150" /><testcase classname="backend.tests.test_auth_google_migration.TestGoogleCallbackNegative" name="test_missing_redirect_uri_returns_422" time="0.111" /><testcase classname="backend.tests.test_auth_google_migration.TestGoogleCallbackNegative" name="test_missing_code_returns_422" time="0.106" /><testcase classname="backend.tests.test_auth_google_migration.TestGoogleCallbackEventRecording" name="test_failed_callback_creates_login_failed_event" time="1.124" /></testsuite></testsuites>