<?xml version="1.0" encoding="utf-8"?><testsuites name="pytest tests"><testsuite name="pytest" errors="0" failures="1" skipped="0" tests="22" time="10.067" timestamp="2026-05-11T09:10:56.280736+00:00" hostname="agent-env-cdd0d1b6-3f6d-4789-a6f8-59b89187586d"><testcase classname="backend.tests.test_auth_hardening.TestForgotPassword" name="test_unknown_email_neutral_200" time="0.258" /><testcase classname="backend.tests.test_auth_hardening.TestForgotPassword" name="test_known_email_same_shape" time="0.369" /><testcase classname="backend.tests.test_auth_hardening.TestForgotPassword" name="test_invalid_email_format" time="0.107" /><testcase classname="backend.tests.test_auth_hardening.TestForgotPassword" name="test_rate_limit_ip" time="0.670" /><testcase classname="backend.tests.test_auth_hardening.TestResetPassword" name="test_bogus_token" time="0.111" /><testcase classname="backend.tests.test_auth_hardening.TestResetPassword" name="test_password_mismatch" time="0.111" /><testcase classname="backend.tests.test_auth_hardening.TestResetPassword" name="test_weak_password" time="0.147" /><testcase classname="backend.tests.test_auth_hardening.TestResetPassword" name="test_expired_token" time="0.106" /><testcase classname="backend.tests.test_auth_hardening.TestResetPassword" name="test_validate_endpoint_no_email_leak" time="0.173" /><testcase classname="backend.tests.test_auth_hardening.TestResetPassword" name="test_validate_invalid" time="0.110" /><testcase classname="backend.tests.test_auth_hardening.TestResetPassword" name="test_successful_reset_invalidates_sessions" time="1.655" /><testcase classname="backend.tests.test_auth_hardening.TestLoginHardening" name="test_invalid_email_format" time="0.117"><failure message="AssertionError: expected 400 got 422: {&quot;detail&quot;:[{&quot;type&quot;:&quot;value_error&quot;,&quot;loc&quot;:[&quot;body&quot;,&quot;email&quot;],&quot;msg&quot;:&quot;value is not a valid email address: An email address must have an @-sign.&quot;,&quot;input&quot;:&quot;bad&quot;,&quot;ctx&quot;:{&quot;reason&quot;:&quot;An email address must have an @&#10;assert 422 == 400&#10; +  where 422 = &lt;Response [422]&gt;.status_code">backend/tests/test_auth_hardening.py:246: in test_invalid_email_format
    _assert_err_shape(r, code="invalid_email", status=400)
backend/tests/test_auth_hardening.py:46: in _assert_err_shape
    assert resp.status_code == status, f"expected {status} got {resp.status_code}: {resp.text[:200]}"
E   AssertionError: expected 400 got 422: {"detail":[{"type":"value_error","loc":["body","email"],"msg":"value is not a valid email address: An email address must have an @-sign.","input":"bad","ctx":{"reason":"An email address must have an @
E   assert 422 == 400
E    +  where 422 = &lt;Response [422]&gt;.status_code</failure></testcase><testcase classname="backend.tests.test_auth_hardening.TestLoginHardening" name="test_missing_password" time="0.115" /><testcase classname="backend.tests.test_auth_hardening.TestLoginHardening" name="test_unknown_email_same_as_wrong_pw" time="0.600" /><testcase classname="backend.tests.test_auth_hardening.TestLoginHardening" name="test_login_success_subscriber" time="0.939" /><testcase classname="backend.tests.test_auth_hardening.TestLoginHardening" name="test_bruteforce_lockout" time="1.040" /><testcase classname="backend.tests.test_auth_hardening.TestLoginHardening" name="test_suspended_account" time="0.407" /><testcase classname="backend.tests.test_auth_hardening.TestAuditAndSecurity" name="test_audit_login_success_and_failed" time="0.172" /><testcase classname="backend.tests.test_auth_hardening.TestAuditAndSecurity" name="test_audit_password_reset_logs" time="0.004" /><testcase classname="backend.tests.test_auth_hardening.TestAuditAndSecurity" name="test_token_hash_only_storage" time="0.003" /><testcase classname="backend.tests.test_auth_hardening.TestAuditAndSecurity" name="test_no_email_enumeration_timing" time="2.574" /><testcase classname="backend.tests.test_auth_hardening.TestPricingCatalog" name="test_catalog_loads" time="0.094" /></testsuite></testsuites>