<?xml version="1.0" encoding="utf-8"?><testsuites name="pytest tests"><testsuite name="pytest" errors="0" failures="0" skipped="0" tests="30" time="1.665" timestamp="2026-06-27T13:59:49.164098+00:00" hostname="agent-env-cdd0d1b6-3f6d-4789-a6f8-59b89187586d"><testcase classname="tests.test_avatar_lipsync_image_upload" name="test_messages_limit_endpoint_returns_200" time="0.372" /><testcase classname="tests.test_avatar_lipsync_image_upload" name="test_lipsync_short_circuits_without_fal_key" time="0.239" /><testcase classname="tests.test_avatar_lipsync_image_upload" name="test_fetch_image_bytes_http_ok" time="0.430" /><testcase classname="tests.test_avatar_lipsync_image_upload" name="test_fetch_image_bytes_handles_missing_url" time="0.000" /><testcase classname="tests.test_avatar_lipsync_image_upload" name="test_lipsync_invalid_avatar_id_when_image_url_blank" time="0.000" /><testcase classname="tests.test_avatar_lipsync_image_upload" name="test_lipsync_video_not_started_when_audio_empty" time="0.000" /><testcase classname="tests.test_avatar_lipsync_image_upload" name="test_lipsync_invalid_avatar_id_when_image_fetch_fails" time="0.041" /><testcase classname="tests.test_avatar_lipsync_image_upload" name="test_error_code_constants_exist" time="0.000" /><testcase classname="tests.test_avatar_lipsync_image_upload" name="test_classify_fal_422_preserves_full_body" time="0.014" /><testcase classname="tests.test_avatar_lipsync_image_upload" name="test_classify_fal_401_is_auth_failed" time="0.000" /><testcase classname="tests.test_avatar_lipsync_image_upload" name="test_classify_fal_5xx_during_poll_is_poll_failed" time="0.000" /><testcase classname="tests.test_avatar_lipsync_image_upload" name="test_classify_generic_exception_falls_back" time="0.000" /><testcase classname="tests.test_avatar_lipsync_image_upload" name="test_lipsync_endpoint_env_override_is_used" time="0.000" /><testcase classname="tests.test_avatar_lipsync_image_upload" name="test_pillow_heif_registered" time="0.020" /><testcase classname="tests.test_avatar_lipsync_image_upload" name="test_image_bytes_to_gif_jpg_input" time="0.002" /><testcase classname="tests.test_avatar_lipsync_image_upload" name="test_image_bytes_to_gif_png_with_alpha" time="0.001" /><testcase classname="tests.test_avatar_lipsync_image_upload" name="test_image_bytes_to_gif_downscales_huge_image" time="0.226" /><testcase classname="tests.test_avatar_lipsync_image_upload" name="test_image_bytes_to_gif_fallback_on_bad_input" time="0.001" /><testcase classname="tests.test_avatar_lipsync_image_upload" name="test_image_bytes_to_mp4_jpg_input_produces_valid_mp4" time="0.148" /><testcase classname="tests.test_avatar_lipsync_image_upload" name="test_image_bytes_to_mp4_png_rgba_input" time="0.026" /><testcase classname="tests.test_avatar_lipsync_image_upload" name="test_image_bytes_to_mp4_handles_odd_dimensions" time="0.047" /><testcase classname="tests.test_avatar_lipsync_image_upload" name="test_image_bytes_to_mp4_fallback_on_garbage" time="0.002" /><testcase classname="tests.test_avatar_lipsync_image_upload" name="test_invalid_provider_payload_constant_exists" time="0.000" /><testcase classname="tests.test_avatar_lipsync_image_upload" name="test_preflight_rejects_when_mp4_and_gif_both_fail" time="0.001" /><testcase classname="tests.test_avatar_lipsync_image_upload" name="test_image_native_endpoint_skips_mp4_transcode" time="0.003" /><testcase classname="tests.test_avatar_lipsync_image_upload" name="test_invalid_avatar_id_when_image_undecodable_on_image_native" time="0.001" /><testcase classname="tests.test_avatar_lipsync_image_upload" name="test_submit_args_use_configurable_audio_field" time="0.002" /><testcase classname="tests.test_avatar_lipsync_image_upload" name="test_progress_dict_populated_on_completed" time="0.012" /><testcase classname="tests.test_avatar_lipsync_image_upload" name="test_completed_with_error_returns_render_exception" time="0.002" /><testcase classname="tests.test_avatar_lipsync_image_upload" name="test_result_alternative_video_url_shapes" time="0.006" /></testsuite></testsuites>