<?xml version="1.0" encoding="utf-8"?><testsuites name="pytest tests"><testsuite name="pytest" errors="0" failures="0" skipped="0" tests="3" time="36.232" timestamp="2026-06-27T14:03:39.680154+00:00" hostname="agent-env-cdd0d1b6-3f6d-4789-a6f8-59b89187586d"><testcase classname="tests.test_avatar_iter33_diagnostics" name="test_send_response_includes_new_diagnostic_fields" time="3.949" /><testcase classname="tests.test_avatar_iter33_diagnostics" name="test_job_response_includes_new_diagnostic_fields" time="10.564" /><testcase classname="tests.test_avatar_iter33_diagnostics" name="test_failure_reason_set_when_no_fal_key" time="21.655" /></testsuite></testsuites>