<?xml version="1.0" encoding="utf-8"?><testsuites name="pytest tests"><testsuite name="pytest" errors="0" failures="0" skipped="0" tests="4" time="1.039" timestamp="2026-06-27T08:08:46.033007+00:00" hostname="agent-env-cdd0d1b6-3f6d-4789-a6f8-59b89187586d"><testcase classname="tests.test_avatar_lipsync_image_upload" name="test_messages_limit_endpoint_returns_200" time="0.369" /><testcase classname="tests.test_avatar_lipsync_image_upload" name="test_lipsync_short_circuits_without_fal_key" time="0.228" /><testcase classname="tests.test_avatar_lipsync_image_upload" name="test_fetch_image_bytes_http_ok" time="0.386" /><testcase classname="tests.test_avatar_lipsync_image_upload" name="test_fetch_image_bytes_handles_missing_url" time="0.000" /></testsuite></testsuites>