<?xml version="1.0" encoding="utf-8"?><testsuites name="pytest tests"><testsuite name="pytest" errors="0" failures="0" skipped="0" tests="2" time="7.009" timestamp="2026-06-27T08:34:06.834656+00:00" hostname="agent-env-cdd0d1b6-3f6d-4789-a6f8-59b89187586d"><testcase classname="tests.test_avatar_error_code_e2e" name="test_send_avatar_chat_returns_provider_auth_failed" time="6.925" /><testcase classname="tests.test_avatar_error_code_e2e" name="test_messages_listing_exposes_error_code" time="0.023" /></testsuite></testsuites>