<?xml version="1.0" encoding="utf-8"?><testsuites name="pytest tests"><testsuite name="pytest" errors="0" failures="0" skipped="0" tests="4" time="8.818" timestamp="2026-06-27T08:09:38.025608+00:00" hostname="agent-env-cdd0d1b6-3f6d-4789-a6f8-59b89187586d"><testcase classname="tests.test_avatar_chat_lipsync_e2e" name="test_messages_with_limit" time="0.816" /><testcase classname="tests.test_avatar_chat_lipsync_e2e" name="test_messages_default_limit" time="0.133" /><testcase classname="tests.test_avatar_chat_lipsync_e2e" name="test_job_non_existent_id" time="0.097" /><testcase classname="tests.test_avatar_chat_lipsync_e2e" name="test_send_poll_and_audio_fetch" time="7.698" /></testsuite></testsuites>