<?xml version="1.0" encoding="utf-8"?><testsuites name="pytest tests"><testsuite name="pytest" errors="0" failures="0" skipped="0" tests="28" time="46.692" timestamp="2026-06-12T07:11:09.283326+00:00" hostname="agent-env-cdd0d1b6-3f6d-4789-a6f8-59b89187586d"><testcase classname="backend.tests.test_clone_create_e2e" name="test_login_works" time="0.619" /><testcase classname="backend.tests.test_clone_create_e2e" name="test_cleanup_before_run" time="0.292" /><testcase classname="backend.tests.test_clone_create_e2e" name="test_slug_min_2_chars_valid" time="0.206" /><testcase classname="backend.tests.test_clone_create_e2e" name="test_slug_1_char_returns_422" time="0.189" /><testcase classname="backend.tests.test_clone_create_e2e" name="test_slug_uppercase_returns_422" time="0.197" /><testcase classname="backend.tests.test_clone_create_e2e" name="test_slug_special_chars_returns_422" time="0.188" /><testcase classname="backend.tests.test_clone_create_e2e" name="test_slug_too_long_returns_422" time="0.193" /><testcase classname="backend.tests.test_clone_create_e2e" name="test_slug_reserved_returns_400" time="0.189" /><testcase classname="backend.tests.test_clone_create_e2e" name="test_slug_duplicate_returns_400" time="0.274" /><testcase classname="backend.tests.test_clone_create_e2e" name="test_empty_display_name_422" time="0.187" /><testcase classname="backend.tests.test_clone_create_e2e" name="test_display_name_too_long_422" time="0.187" /><testcase classname="backend.tests.test_clone_create_e2e" name="test_bio_400_chars_ok" time="0.202" /><testcase classname="backend.tests.test_clone_create_e2e" name="test_bio_401_chars_422" time="0.194" /><testcase classname="backend.tests.test_clone_create_e2e" name="test_visibility_enum_valid[public]" time="0.201" /><testcase classname="backend.tests.test_clone_create_e2e" name="test_visibility_enum_valid[private]" time="0.677" /><testcase classname="backend.tests.test_clone_create_e2e" name="test_visibility_enum_valid[unlisted]" time="0.186" /><testcase classname="backend.tests.test_clone_create_e2e" name="test_visibility_invalid_422" time="0.443" /><testcase classname="backend.tests.test_clone_create_e2e" name="test_ip_block_pokemon_in_display_name" time="0.190" /><testcase classname="backend.tests.test_clone_create_e2e" name="test_ip_block_disney_in_slug" time="0.198" /><testcase classname="backend.tests.test_clone_create_e2e" name="test_celebrity_taylor_swift_NOT_in_blocklist_documented" time="0.213" /><testcase classname="backend.tests.test_clone_create_e2e" name="test_personality_and_topics_persist" time="0.290" /><testcase classname="backend.tests.test_clone_create_e2e" name="test_happy_path_create_and_get" time="0.790" /><testcase classname="backend.tests.test_clone_create_e2e" name="test_avatar_upload_small_png_200" time="0.390" /><testcase classname="backend.tests.test_clone_create_e2e" name="test_avatar_upload_pdf_rejected" time="0.186" /><testcase classname="backend.tests.test_clone_create_e2e" name="test_avatar_upload_6mb_rejected" time="36.482" /><testcase classname="backend.tests.test_clone_create_e2e" name="test_zzz_clone_limit_5" time="0.911" /><testcase classname="backend.tests.test_clone_create_e2e" name="test_zzz_rate_limit_p2" time="1.410" /><testcase classname="backend.tests.test_clone_create_e2e" name="test_zzzz_cleanup" time="0.907" /></testsuite></testsuites>