<?xml version="1.0" encoding="utf-8"?><testsuites name="pytest tests"><testsuite name="pytest" errors="0" failures="1" skipped="1" tests="11" time="8.103" timestamp="2026-05-11T08:33:49.082117+00:00" hostname="agent-env-cdd0d1b6-3f6d-4789-a6f8-59b89187586d"><testcase classname="backend.tests.test_credit_economics_reset.TestCatalogs" name="test_plans_endpoint" time="0.236" /><testcase classname="backend.tests.test_credit_economics_reset.TestCatalogs" name="test_topups_catalog" time="0.074" /><testcase classname="backend.tests.test_credit_economics_reset.TestCatalogs" name="test_pricing_catalog_includes_topups" time="0.060"><failure message="AssertionError: missing pricing for topup_small&#10;assert 'topup_small' in {'premium': {'amount_minor': 399900, 'charge_amount': 3999.0, 'charge_currency': 'INR', 'country_code': 'IN', ...}, 'pro': {'amount_minor': 149900, 'charge_amount': 1499.0, 'charge_currency': 'INR', 'country_code': 'IN', ...}, 'starter': {'amount_minor': 49900, 'charge_amount': 499.0, 'charge_currency': 'INR', 'country_code': 'IN', ...}, 'ultimate': {'amount_minor': 999900, 'charge_amount': 9999.0, 'charge_currency': 'INR', 'country_code': 'IN', ...}}">backend/tests/test_credit_economics_reset.py:134: in test_pricing_catalog_includes_topups
    assert pid in prices, f"missing pricing for {pid}"
E   AssertionError: missing pricing for topup_small
E   assert 'topup_small' in {'premium': {'amount_minor': 399900, 'charge_amount': 3999.0, 'charge_currency': 'INR', 'country_code': 'IN', ...}, 'pro': {'amount_minor': 149900, 'charge_amount': 1499.0, 'charge_currency': 'INR', 'country_code': 'IN', ...}, 'starter': {'amount_minor': 49900, 'charge_amount': 499.0, 'charge_currency': 'INR', 'country_code': 'IN', ...}, 'ultimate': {'amount_minor': 999900, 'charge_amount': 9999.0, 'charge_currency': 'INR', 'country_code': 'IN', ...}}</failure></testcase><testcase classname="backend.tests.test_credit_economics_reset.TestRegistration" name="test_register_grants_zero_credits" time="0.482" /><testcase classname="backend.tests.test_credit_economics_reset.TestPaywallFreeUser" name="test_clone_chat_402_for_free_user" time="0.516" /><testcase classname="backend.tests.test_credit_economics_reset.TestPaywallFreeUser" name="test_topup_403_for_free_user" time="0.064" /><testcase classname="backend.tests.test_credit_economics_reset.TestSubscriberFlow" name="test_clone_chat_subscriber_deducts_credit" time="2.863" /><testcase classname="backend.tests.test_credit_economics_reset.TestSubscriberFlow" name="test_topup_order_creation_subscriber" time="1.189" /><testcase classname="backend.tests.test_credit_economics_reset.TestSubscriberFlow" name="test_tier_gate_video_avatar_blocks_pro" time="0.063"><skipped type="pytest.skip" message="avatar_chat feature disabled in env: {&quot;detail&quot;:&quot;avatar_chat_unavailable&quot;}">/app/backend/tests/test_credit_economics_reset.py:253: avatar_chat feature disabled in env: {"detail":"avatar_chat_unavailable"}</skipped></testcase><testcase classname="backend.tests.test_credit_economics_reset.TestAdminBypass" name="test_admin_me_credits_unlimited" time="2.446" /><testcase classname="backend.tests.test_credit_economics_reset.TestMigrationIntegrity" name="test_all_non_admin_users_zero_credits" time="0.006" /></testsuite></testsuites>