<?xml version="1.0" encoding="utf-8"?><testsuites name="pytest tests"><testsuite name="pytest" errors="0" failures="1" skipped="0" tests="9" time="5.608" timestamp="2026-05-11T17:27:04.429957+00:00" hostname="agent-env-cdd0d1b6-3f6d-4789-a6f8-59b89187586d"><testcase classname="tests.test_email_pipeline.TestPublicEmailHealth" name="test_anonymous_shape_and_no_leak" time="0.218" /><testcase classname="tests.test_email_pipeline.TestAdminEmailHealth" name="test_requires_auth_401" time="0.173" /><testcase classname="tests.test_email_pipeline.TestAdminEmailHealth" name="test_non_admin_forbidden_403" time="0.671"><failure message="AssertionError: {&quot;configured&quot;:{&quot;order&quot;:[&quot;resend&quot;,&quot;smtp&quot;],&quot;resend&quot;:{&quot;configured&quot;:true,&quot;from&quot;:&quot;aiclonechats.com &lt;admin@aiclonechats.com&gt;&quot;},&quot;smtp&quot;:{&quot;configured&quot;:false,&quot;host&quot;:null,&quot;port&quot;:587,&quot;from&quot;:null,&quot;use_tls&quot;:true}},&quot;totals_24h&quot;:{&quot;total&quot;:5,&quot;ok&quot;:2,&quot;failures&quot;:3,&quot;success_rate&quot;:0.4},&quot;per_provider_24h&quot;:[{&quot;provider&quot;:&quot;resend&quot;,&quot;total&quot;:3,&quot;ok&quot;:2,&quot;failures&quot;:1,&quot;success_rate&quot;:0.6666666666666666,&quot;avg_latency_ms&quot;:195},{&quot;provider&quot;:&quot;smtp&quot;,&quot;total&quot;:2,&quot;ok&quot;:0,&quot;failures&quot;:2,&quot;success_rate&quot;:0.0,&quot;avg_latency_ms&quot;:2}],&quot;recent&quot;:[{&quot;event_id&quot;:&quot;24c06f1078a645bd97d45300e0f96e66&quot;,&quot;event_group&quot;:&quot;595a39b58674&quot;,&quot;timestamp&quot;:&quot;2026-05-11T17:22:25.654301+00:00&quot;,&quot;provider&quot;:&quot;resend&quot;,&quot;purpose&quot;:&quot;test_smtp_fail_resend_ok&quot;,&quot;recipient_domain&quot;:&quot;example.com&quot;,&quot;ok&quot;:true,&quot;error_code&quot;:null,&quot;latency_ms&quot;:224},{&quot;event_id&quot;:&quot;55d9549a3d724524870773df6ba21936&quot;,&quot;event_group&quot;:&quot;595a39b58674&quot;,&quot;timestamp&quot;:&quot;2026-05-11T17:22:25.426785+00:00&quot;,&quot;provider&quot;:&quot;smtp&quot;,&quot;purpose&quot;:&quot;test_smtp_fail_resend_ok&quot;,&quot;recipient_domain&quot;:&quot;example.com&quot;,&quot;ok&quot;:false,&quot;error_code&quot;:&quot;exc_OSError&quot;,&quot;latency_ms&quot;:4},{&quot;event_id&quot;:&quot;52b420d471934affa7497af69896d602&quot;,&quot;event_group&quot;:&quot;568222294607&quot;,&quot;timestamp&quot;:&quot;2026-05-11T17:22:12.815963+00:00&quot;,&quot;provider&quot;:&quot;smtp&quot;,&quot;purpose&quot;:&quot;test_fallback&quot;,&quot;recipient_domain&quot;:&quot;example.com&quot;,&quot;ok&quot;:false,&quot;error_code&quot;:&quot;not_configured&quot;,&quot;latency_ms&quot;:0},{&quot;event_id&quot;:&quot;8e1f0aba52734cfd8749ce59d4aeb81a&quot;,&quot;event_group&quot;:&quot;568222294607&quot;,&quot;timestamp&quot;:&quot;2026-05-11T17:22:12.812313+00:00&quot;,&quot;provider&quot;:&quot;resend&quot;,&quot;purpose&quot;:&quot;test_fallback&quot;,&quot;recipient_domain&quot;:&quot;example.com&quot;,&quot;ok&quot;:false,&quot;error_code&quot;:&quot;http_401&quot;,&quot;latency_ms&quot;:148},{&quot;event_id&quot;:&quot;1991f48bdbfa4a3ea99dfaca66c56e09&quot;,&quot;event_group&quot;:&quot;06add8c361c2&quot;,&quot;timestamp&quot;:&quot;2026-05-11T17:21:42.821521+00:00&quot;,&quot;provider&quot;:&quot;resend&quot;,&quot;purpose&quot;:&quot;email_otp&quot;,&quot;recipient_domain&quot;:&quot;example.com&quot;,&quot;ok&quot;:true,&quot;error_code&quot;:null,&quot;latency_ms&quot;:214}]}&#10;assert 200 == 403&#10; +  where 200 = &lt;Response [200]&gt;.status_code">tests/test_email_pipeline.py:101: in test_non_admin_forbidden_403
    assert r.status_code == 403, r.text
E   AssertionError: {"configured":{"order":["resend","smtp"],"resend":{"configured":true,"from":"aiclonechats.com &lt;admin@aiclonechats.com&gt;"},"smtp":{"configured":false,"host":null,"port":587,"from":null,"use_tls":true}},"totals_24h":{"total":5,"ok":2,"failures":3,"success_rate":0.4},"per_provider_24h":[{"provider":"resend","total":3,"ok":2,"failures":1,"success_rate":0.6666666666666666,"avg_latency_ms":195},{"provider":"smtp","total":2,"ok":0,"failures":2,"success_rate":0.0,"avg_latency_ms":2}],"recent":[{"event_id":"24c06f1078a645bd97d45300e0f96e66","event_group":"595a39b58674","timestamp":"2026-05-11T17:22:25.654301+00:00","provider":"resend","purpose":"test_smtp_fail_resend_ok","recipient_domain":"example.com","ok":true,"error_code":null,"latency_ms":224},{"event_id":"55d9549a3d724524870773df6ba21936","event_group":"595a39b58674","timestamp":"2026-05-11T17:22:25.426785+00:00","provider":"smtp","purpose":"test_smtp_fail_resend_ok","recipient_domain":"example.com","ok":false,"error_code":"exc_OSError","latency_ms":4},{"event_id":"52b420d471934affa7497af69896d602","event_group":"568222294607","timestamp":"2026-05-11T17:22:12.815963+00:00","provider":"smtp","purpose":"test_fallback","recipient_domain":"example.com","ok":false,"error_code":"not_configured","latency_ms":0},{"event_id":"8e1f0aba52734cfd8749ce59d4aeb81a","event_group":"568222294607","timestamp":"2026-05-11T17:22:12.812313+00:00","provider":"resend","purpose":"test_fallback","recipient_domain":"example.com","ok":false,"error_code":"http_401","latency_ms":148},{"event_id":"1991f48bdbfa4a3ea99dfaca66c56e09","event_group":"06add8c361c2","timestamp":"2026-05-11T17:21:42.821521+00:00","provider":"resend","purpose":"email_otp","recipient_domain":"example.com","ok":true,"error_code":null,"latency_ms":214}]}
E   assert 200 == 403
E    +  where 200 = &lt;Response [200]&gt;.status_code</failure></testcase><testcase classname="tests.test_email_pipeline.TestAdminEmailHealth" name="test_admin_payload_contract" time="0.790" /><testcase classname="tests.test_email_pipeline.TestOtpSendWritesEvent" name="test_otp_send_logs_event" time="2.662" /><testcase classname="tests.test_email_pipeline.TestFailoverEventGroup" name="test_event_group_present_on_recent" time="0.124" /><testcase classname="tests.test_email_pipeline.TestFailoverEventGroup" name="test_forced_failover_writes_shared_event_group" time="0.315" /><testcase classname="tests.test_email_pipeline.TestForgotPasswordNeutral" name="test_forgot_password_neutral_200" time="0.383" /><testcase classname="tests.test_email_pipeline.TestForgotPasswordNeutral" name="test_forgot_password_unknown_email_still_neutral" time="0.164" /></testsuite></testsuites>