<?xml version="1.0" encoding="utf-8"?><testsuites name="pytest tests"><testsuite name="pytest" errors="0" failures="0" skipped="1" tests="10" time="8.258" timestamp="2026-07-21T09:33:39.741555+00:00" hostname="agent-env-cdd0d1b6-3f6d-4789-a6f8-59b89187586d"><testcase classname="backend.tests.test_face_detect_preflight" name="test_face_detect_blank_image_has_no_face" time="0.062" /><testcase classname="backend.tests.test_face_detect_preflight" name="test_face_detect_unreadable_bytes_returns_reason" time="0.015" /><testcase classname="backend.tests.test_face_detect_preflight" name="test_face_detect_on_real_face_bytes_returns_true" time="0.173"><skipped type="pytest.skip" message="pravatar sample not detected by Haar cascade (fine for CI): {'has_face': False, 'face_count': 0, 'largest_face_ratio': 0.0, 'image_width': 512, 'image_height': 512, 'detector': 'none', 'reason': 'no_face_detected'}">/app/backend/tests/test_face_detect_preflight.py:139: pravatar sample not detected by Haar cascade (fine for CI): {'has_face': False, 'face_count': 0, 'largest_face_ratio': 0.0, 'image_width': 512, 'image_height': 512, 'detector': 'none', 'reason': 'no_face_detected'}</skipped></testcase><testcase classname="backend.tests.test_face_detect_preflight" name="test_validate_avatar_file_mode_blank_image_returns_no_face" time="0.819" /><testcase classname="backend.tests.test_face_detect_preflight" name="test_validate_avatar_persist_mode_writes_face_check" time="0.729" /><testcase classname="backend.tests.test_face_detect_preflight" name="test_validate_avatar_requires_ownership" time="1.032" /><testcase classname="backend.tests.test_face_detect_preflight" name="test_audit_faces_unauth_blocked" time="0.098" /><testcase classname="backend.tests.test_face_detect_preflight" name="test_audit_faces_non_admin_blocked" time="0.496" /><testcase classname="backend.tests.test_face_detect_preflight" name="test_audit_faces_dry_run_writes_nothing_and_returns_shape" time="3.891" /><testcase classname="backend.tests.test_face_detect_preflight" name="test_send_rejects_faceless_clone_with_422" time="0.662" /></testsuite></testsuites>