<?xml version="1.0" encoding="utf-8"?><testsuites name="pytest tests"><testsuite name="pytest" errors="0" failures="0" skipped="0" tests="4" time="6.132" timestamp="2026-07-21T09:34:25.010581+00:00" hostname="agent-env-cdd0d1b6-3f6d-4789-a6f8-59b89187586d"><testcase classname="backend.tests.test_face_detect_upload_and_audit" name="test_upload_avatar_returns_face_check_with_no_face" time="1.163" /><testcase classname="backend.tests.test_face_detect_upload_and_audit" name="test_upload_avatar_requires_auth" time="0.096" /><testcase classname="backend.tests.test_face_detect_upload_and_audit" name="test_audit_faces_real_run_persists_face_detected" time="4.581" /><testcase classname="backend.tests.test_face_detect_upload_and_audit" name="test_validate_avatar_unauthenticated_blocked" time="0.128" /></testsuite></testsuites>