<?xml version="1.0" encoding="utf-8"?><testsuites name="pytest tests"><testsuite name="pytest" errors="0" failures="0" skipped="0" tests="17" time="1.520" timestamp="2026-06-27T09:34:31.811032+00:00" hostname="agent-env-cdd0d1b6-3f6d-4789-a6f8-59b89187586d"><testcase classname="tests.test_avatar_lipsync_image_upload" name="test_messages_limit_endpoint_returns_200" time="0.367" /><testcase classname="tests.test_avatar_lipsync_image_upload" name="test_lipsync_short_circuits_without_fal_key" time="0.214" /><testcase classname="tests.test_avatar_lipsync_image_upload" name="test_fetch_image_bytes_http_ok" time="0.570" /><testcase classname="tests.test_avatar_lipsync_image_upload" name="test_fetch_image_bytes_handles_missing_url" time="0.000" /><testcase classname="tests.test_avatar_lipsync_image_upload" name="test_lipsync_invalid_avatar_id_when_image_url_blank" time="0.000" /><testcase classname="tests.test_avatar_lipsync_image_upload" name="test_lipsync_video_not_started_when_audio_empty" time="0.000" /><testcase classname="tests.test_avatar_lipsync_image_upload" name="test_lipsync_invalid_avatar_id_when_image_fetch_fails" time="0.038" /><testcase classname="tests.test_avatar_lipsync_image_upload" name="test_error_code_constants_exist" time="0.000" /><testcase classname="tests.test_avatar_lipsync_image_upload" name="test_classify_fal_422_preserves_full_body" time="0.014" /><testcase classname="tests.test_avatar_lipsync_image_upload" name="test_classify_fal_401_is_auth_failed" time="0.000" /><testcase classname="tests.test_avatar_lipsync_image_upload" name="test_classify_fal_5xx_during_poll_is_poll_failed" time="0.000" /><testcase classname="tests.test_avatar_lipsync_image_upload" name="test_classify_generic_exception_falls_back" time="0.000" /><testcase classname="tests.test_avatar_lipsync_image_upload" name="test_lipsync_endpoint_env_override_is_used" time="0.000" /><testcase classname="tests.test_avatar_lipsync_image_upload" name="test_image_bytes_to_gif_jpg_input" time="0.012" /><testcase classname="tests.test_avatar_lipsync_image_upload" name="test_image_bytes_to_gif_png_with_alpha" time="0.001" /><testcase classname="tests.test_avatar_lipsync_image_upload" name="test_image_bytes_to_gif_downscales_huge_image" time="0.226" /><testcase classname="tests.test_avatar_lipsync_image_upload" name="test_image_bytes_to_gif_fallback_on_bad_input" time="0.016" /></testsuite></testsuites>