<?xml version="1.0" encoding="utf-8"?><testsuites name="pytest tests"><testsuite name="pytest" errors="0" failures="0" skipped="0" tests="21" time="19.930" timestamp="2026-06-27T09:16:57.802250+00:00" hostname="agent-env-cdd0d1b6-3f6d-4789-a6f8-59b89187586d"><testcase classname="tests.test_avatar_lipsync_image_upload" name="test_messages_limit_endpoint_returns_200" time="0.361" /><testcase classname="tests.test_avatar_lipsync_image_upload" name="test_lipsync_short_circuits_without_fal_key" time="0.181" /><testcase classname="tests.test_avatar_lipsync_image_upload" name="test_fetch_image_bytes_http_ok" time="0.404" /><testcase classname="tests.test_avatar_lipsync_image_upload" name="test_fetch_image_bytes_handles_missing_url" time="0.000" /><testcase classname="tests.test_avatar_lipsync_image_upload" name="test_lipsync_invalid_avatar_id_when_image_url_blank" time="0.000" /><testcase classname="tests.test_avatar_lipsync_image_upload" name="test_lipsync_video_not_started_when_audio_empty" time="0.000" /><testcase classname="tests.test_avatar_lipsync_image_upload" name="test_lipsync_invalid_avatar_id_when_image_fetch_fails" time="0.045" /><testcase classname="tests.test_avatar_lipsync_image_upload" name="test_error_code_constants_exist" time="0.000" /><testcase classname="tests.test_avatar_lipsync_image_upload" name="test_classify_fal_422_preserves_full_body" time="0.014" /><testcase classname="tests.test_avatar_lipsync_image_upload" name="test_classify_fal_401_is_auth_failed" time="0.000" /><testcase classname="tests.test_avatar_lipsync_image_upload" name="test_classify_fal_5xx_during_poll_is_poll_failed" time="0.000" /><testcase classname="tests.test_avatar_lipsync_image_upload" name="test_classify_generic_exception_falls_back" time="0.000" /><testcase classname="tests.test_avatar_lipsync_image_upload" name="test_lipsync_endpoint_env_override_is_used" time="0.000" /><testcase classname="tests.test_avatar_lipsync_status_iter3" name="test_status_includes_lipsync_endpoint_and_model" time="0.588" /><testcase classname="tests.test_avatar_lipsync_status_iter3" name="test_avatar_send_graceful_no_fal_key" time="6.499" /><testcase classname="tests.test_avatar_chat_lipsync_e2e" name="test_messages_with_limit" time="0.271" /><testcase classname="tests.test_avatar_chat_lipsync_e2e" name="test_messages_default_limit" time="0.025" /><testcase classname="tests.test_avatar_chat_lipsync_e2e" name="test_job_non_existent_id" time="0.023" /><testcase classname="tests.test_avatar_chat_lipsync_e2e" name="test_send_poll_and_audio_fetch" time="5.527" /><testcase classname="tests.test_avatar_error_code_e2e" name="test_send_avatar_chat_returns_provider_auth_failed" time="5.842" /><testcase classname="tests.test_avatar_error_code_e2e" name="test_messages_listing_exposes_error_code" time="0.024" /></testsuite></testsuites>