<?xml version="1.0" encoding="utf-8"?><testsuites name="pytest tests"><testsuite name="pytest" errors="0" failures="1" skipped="0" tests="15" time="5.655" timestamp="2026-06-12T06:28:21.485875+00:00" hostname="agent-env-cdd0d1b6-3f6d-4789-a6f8-59b89187586d"><testcase classname="backend.tests.test_demo_clones_explore" name="test_explore_category_has_demo_clones[trending]" time="0.229" /><testcase classname="backend.tests.test_demo_clones_explore" name="test_explore_category_has_demo_clones[funny]" time="0.193" /><testcase classname="backend.tests.test_demo_clones_explore" name="test_explore_category_has_demo_clones[deep]" time="0.193" /><testcase classname="backend.tests.test_demo_clones_explore" name="test_explore_category_has_demo_clones[savage]" time="0.194" /><testcase classname="backend.tests.test_demo_clones_explore" name="test_explore_category_has_demo_clones[quote]" time="0.198" /><testcase classname="backend.tests.test_demo_clones_explore" name="test_explore_category_has_demo_clones[active]" time="0.223" /><testcase classname="backend.tests.test_demo_clones_explore" name="test_explore_category_has_demo_clones[recent]" time="0.222" /><testcase classname="backend.tests.test_demo_clones_explore" name="test_trending_demos_high_in_list" time="0.188" /><testcase classname="backend.tests.test_demo_clones_explore" name="test_active_demos_lead_by_message_count" time="0.193" /><testcase classname="backend.tests.test_demo_clones_explore" name="test_recent_demos_lead_by_created_at" time="0.199" /><testcase classname="backend.tests.test_demo_clones_explore" name="test_mood_filter_funny" time="0.190" /><testcase classname="backend.tests.test_demo_clones_explore" name="test_copyright_safety_all_categories" time="1.338" /><testcase classname="backend.tests.test_demo_clones_explore" name="test_trending_order_deterministic_same_day" time="0.412" /><testcase classname="backend.tests.test_demo_clones_explore" name="test_daily_rotation_boost_helper_deterministic" time="0.248" /><testcase classname="backend.tests.test_demo_clones_explore" name="test_seeder_idempotency" time="1.331"><failure message="ImportError: cannot import name 'get_db' from 'db' (/app/backend/db.py)">backend/tests/test_demo_clones_explore.py:137: in test_seeder_idempotency
    from db import get_db
E   ImportError: cannot import name 'get_db' from 'db' (/app/backend/db.py)</failure></testcase></testsuite></testsuites>