<?xml version="1.0" encoding="utf-8"?><testsuites name="pytest tests"><testsuite name="pytest" errors="0" failures="0" skipped="0" tests="14" time="4.394" timestamp="2026-06-11T14:45:48.856672+00:00" hostname="agent-env-cdd0d1b6-3f6d-4789-a6f8-59b89187586d"><testcase classname="backend.tests.test_password_reset_v2.TestForgotPassword" name="test_valid_existing_email_neutral_200" time="0.362" /><testcase classname="backend.tests.test_password_reset_v2.TestForgotPassword" name="test_unknown_email_neutral_200" time="0.106" /><testcase classname="backend.tests.test_password_reset_v2.TestForgotPassword" name="test_malformed_email_returns_400" time="0.105" /><testcase classname="backend.tests.test_password_reset_v2.TestForgotPassword" name="test_rate_limit_429" time="0.384" /><testcase classname="backend.tests.test_password_reset_v2.TestValidateToken" name="test_short_token_invalid" time="0.099" /><testcase classname="backend.tests.test_password_reset_v2.TestValidateToken" name="test_bogus_long_token_invalid" time="0.114" /><testcase classname="backend.tests.test_password_reset_v2.TestValidateToken" name="test_real_valid_token_passes" time="0.115" /><testcase classname="backend.tests.test_password_reset_v2.TestStrengthRules" name="test_no_special_char_rejected" time="0.105" /><testcase classname="backend.tests.test_password_reset_v2.TestStrengthRules" name="test_space_in_password_rejected" time="0.113" /><testcase classname="backend.tests.test_password_reset_v2.TestStrengthRules" name="test_too_long_rejected" time="0.104" /><testcase classname="backend.tests.test_password_reset_v2.TestStrengthRules" name="test_password_mismatch_returns_400" time="0.102" /><testcase classname="backend.tests.test_password_reset_v2.TestE2EFlow" name="test_full_reset_flow_and_audit" time="2.304" /><testcase classname="backend.tests.test_password_reset_v2.TestE2EFlow" name="test_expired_token_returns_token_expired" time="0.115" /><testcase classname="backend.tests.test_password_reset_v2.TestE2EFlow" name="test_failed_weak_writes_audit" time="0.110" /></testsuite></testsuites>