<?xml version="1.0" encoding="utf-8"?><testsuites name="pytest tests"><testsuite name="pytest" errors="0" failures="0" skipped="0" tests="33" time="11.051" timestamp="2026-05-09T06:38:38.526062+00:00" hostname="agent-env-cdd0d1b6-3f6d-4789-a6f8-59b89187586d"><testcase classname="backend.tests.test_cloneme_backend.TestHealth" name="test_health" time="0.180" /><testcase classname="backend.tests.test_cloneme_backend.TestAuth" name="test_register" time="0.359" /><testcase classname="backend.tests.test_cloneme_backend.TestAuth" name="test_register_duplicate" time="0.131" /><testcase classname="backend.tests.test_cloneme_backend.TestAuth" name="test_login_wrong_pw" time="0.341" /><testcase classname="backend.tests.test_cloneme_backend.TestAuth" name="test_login_correct" time="0.333" /><testcase classname="backend.tests.test_cloneme_backend.TestAuth" name="test_me_with_bearer" time="0.100" /><testcase classname="backend.tests.test_cloneme_backend.TestAuth" name="test_me_no_auth" time="0.104" /><testcase classname="backend.tests.test_cloneme_backend.TestAuth" name="test_register_user2" time="0.316" /><testcase classname="backend.tests.test_cloneme_backend.TestClones" name="test_check_slug_available" time="0.112" /><testcase classname="backend.tests.test_cloneme_backend.TestClones" name="test_check_slug_reserved" time="0.401" /><testcase classname="backend.tests.test_cloneme_backend.TestClones" name="test_create_clone" time="0.109" /><testcase classname="backend.tests.test_cloneme_backend.TestClones" name="test_create_clone_reserved_slug" time="0.105" /><testcase classname="backend.tests.test_cloneme_backend.TestClones" name="test_create_clone_duplicate_slug" time="0.109" /><testcase classname="backend.tests.test_cloneme_backend.TestClones" name="test_create_clone_no_auth" time="0.098" /><testcase classname="backend.tests.test_cloneme_backend.TestClones" name="test_list_my_clones" time="0.110" /><testcase classname="backend.tests.test_cloneme_backend.TestClones" name="test_list_other_user_clones_isolation" time="0.100" /><testcase classname="backend.tests.test_cloneme_backend.TestClones" name="test_get_by_slug_public_no_auth" time="0.145" /><testcase classname="backend.tests.test_cloneme_backend.TestClones" name="test_check_slug_after_taken" time="0.099" /><testcase classname="backend.tests.test_cloneme_backend.TestClones" name="test_patch_clone" time="0.115" /><testcase classname="backend.tests.test_cloneme_backend.TestClones" name="test_patch_clone_other_user_forbidden" time="0.111" /><testcase classname="backend.tests.test_cloneme_backend.TestClones" name="test_private_clone_blocks_non_owner" time="0.491" /><testcase classname="backend.tests.test_cloneme_backend.TestMemories" name="test_create_list_update_delete" time="0.510" /><testcase classname="backend.tests.test_cloneme_backend.TestMemories" name="test_memory_owner_only" time="0.103" /><testcase classname="backend.tests.test_cloneme_backend.TestChat" name="test_chat_public_first_message" time="2.245" /><testcase classname="backend.tests.test_cloneme_backend.TestChat" name="test_chat_followup_uses_conversation" time="2.110" /><testcase classname="backend.tests.test_cloneme_backend.TestChat" name="test_messages_history" time="0.106" /><testcase classname="backend.tests.test_cloneme_backend.TestChat" name="test_chat_private_clone_blocked" time="0.148" /><testcase classname="backend.tests.test_cloneme_backend.TestChat" name="test_chat_unknown_slug" time="0.118" /><testcase classname="backend.tests.test_cloneme_backend.TestStorage" name="test_upload_and_serve" time="0.933" /><testcase classname="backend.tests.test_cloneme_backend.TestStorage" name="test_upload_no_auth" time="0.102" /><testcase classname="backend.tests.test_cloneme_backend.TestStorage" name="test_upload_bad_type" time="0.102" /><testcase classname="backend.tests.test_cloneme_backend.TestZCleanup" name="test_delete_clone_cascade" time="0.401" /><testcase classname="backend.tests.test_cloneme_backend.TestZCleanup" name="test_logout" time="0.108" /></testsuite></testsuites>