<?xml version="1.0" encoding="utf-8"?><testsuites name="pytest tests"><testsuite name="pytest" errors="0" failures="1" skipped="0" tests="21" time="5.308" timestamp="2026-05-11T08:47:43.434548+00:00" hostname="agent-env-cdd0d1b6-3f6d-4789-a6f8-59b89187586d"><testcase classname="backend.tests.test_revenue_mirror.TestAdminRevenueEndpoints" name="test_funnel" time="0.215" /><testcase classname="backend.tests.test_revenue_mirror.TestAdminRevenueEndpoints" name="test_revenue" time="0.134" /><testcase classname="backend.tests.test_revenue_mirror.TestAdminRevenueEndpoints" name="test_credit_economy" time="0.125" /><testcase classname="backend.tests.test_revenue_mirror.TestAdminRevenueEndpoints" name="test_emotional_gravity" time="0.125" /><testcase classname="backend.tests.test_revenue_mirror.TestAdminRevenueEndpoints" name="test_cohorts" time="0.338" /><testcase classname="backend.tests.test_revenue_mirror.TestAdminRevenueEndpoints" name="test_operational_health" time="0.108" /><testcase classname="backend.tests.test_revenue_mirror.TestCSVExports" name="test_csv_format[/api/admin/revenue/funnel-days-30]" time="0.113" /><testcase classname="backend.tests.test_revenue_mirror.TestCSVExports" name="test_csv_format[/api/admin/revenue/revenue-days-30]" time="0.110" /><testcase classname="backend.tests.test_revenue_mirror.TestCSVExports" name="test_csv_format[/api/admin/revenue/credit-economy-days-30]" time="0.129" /><testcase classname="backend.tests.test_revenue_mirror.TestCSVExports" name="test_csv_format[/api/admin/revenue/emotional-gravity-days-90]" time="0.126" /><testcase classname="backend.tests.test_revenue_mirror.TestCSVExports" name="test_csv_format[/api/admin/revenue/cohorts-weeks-12]" time="0.371"><failure message="AssertionError: Internal Server Error&#10;assert 500 == 200&#10; +  where 500 = &lt;Response [500]&gt;.status_code">backend/tests/test_revenue_mirror.py:148: in test_csv_format
    assert r.status_code == 200, r.text
E   AssertionError: Internal Server Error
E   assert 500 == 200
E    +  where 500 = &lt;Response [500]&gt;.status_code</failure></testcase><testcase classname="backend.tests.test_revenue_mirror.TestCSVExports" name="test_csv_format[/api/admin/revenue/operational-health-days-30]" time="0.107" /><testcase classname="backend.tests.test_revenue_mirror.TestAdminGating" name="test_subscriber_blocked[/api/admin/revenue/funnel-days-30]" time="0.644" /><testcase classname="backend.tests.test_revenue_mirror.TestAdminGating" name="test_subscriber_blocked[/api/admin/revenue/revenue-days-30]" time="0.153" /><testcase classname="backend.tests.test_revenue_mirror.TestAdminGating" name="test_subscriber_blocked[/api/admin/revenue/credit-economy-days-30]" time="0.112" /><testcase classname="backend.tests.test_revenue_mirror.TestAdminGating" name="test_subscriber_blocked[/api/admin/revenue/emotional-gravity-days-90]" time="0.120" /><testcase classname="backend.tests.test_revenue_mirror.TestAdminGating" name="test_subscriber_blocked[/api/admin/revenue/cohorts-weeks-12]" time="0.182" /><testcase classname="backend.tests.test_revenue_mirror.TestAdminGating" name="test_subscriber_blocked[/api/admin/revenue/operational-health-days-30]" time="0.097" /><testcase classname="backend.tests.test_revenue_mirror.TestFunnelEvent" name="test_pricing_view_inserts" time="0.109" /><testcase classname="backend.tests.test_revenue_mirror.TestFunnelEvent" name="test_unknown_event_rejected" time="0.097" /><testcase classname="backend.tests.test_revenue_mirror.TestPaywallEventWrite" name="test_free_user_402_writes_paywall_event" time="1.618" /></testsuite></testsuites>