<?xml version="1.0" encoding="utf-8"?><testsuites name="pytest tests"><testsuite name="pytest" errors="0" failures="0" skipped="0" tests="25" time="15.504" timestamp="2026-05-09T15:59:15.211517+00:00" hostname="agent-env-cdd0d1b6-3f6d-4789-a6f8-59b89187586d"><testcase classname="tests.test_smart_reply.TestSetup" name="test_register_user1" time="0.416" /><testcase classname="tests.test_smart_reply.TestSetup" name="test_register_user2" time="0.333" /><testcase classname="tests.test_smart_reply.TestAuthGate" name="test_subscription_status_no_auth" time="0.103" /><testcase classname="tests.test_smart_reply.TestAuthGate" name="test_generate_no_auth" time="0.110" /><testcase classname="tests.test_smart_reply.TestAuthGate" name="test_history_no_auth" time="0.108" /><testcase classname="tests.test_smart_reply.TestAuthGate" name="test_favorites_list_no_auth" time="0.099" /><testcase classname="tests.test_smart_reply.TestSubscriptionStatus" name="test_status_fresh_free_user" time="0.112" /><testcase classname="tests.test_smart_reply.TestGenerate" name="test_generate_returns_full_contract" time="11.925" /><testcase classname="tests.test_smart_reply.TestGenerate" name="test_status_after_one_generate" time="0.159" /><testcase classname="tests.test_smart_reply.TestGenerate" name="test_generate_invalid_mode" time="0.106" /><testcase classname="tests.test_smart_reply.TestGenerate" name="test_generate_invalid_tone" time="0.113" /><testcase classname="tests.test_smart_reply.TestHistory" name="test_history_lists_own_sessions" time="0.110" /><testcase classname="tests.test_smart_reply.TestHistory" name="test_history_isolation_user2_empty" time="0.107" /><testcase classname="tests.test_smart_reply.TestFavorites" name="test_favorite_create" time="0.107" /><testcase classname="tests.test_smart_reply.TestFavorites" name="test_favorite_session_isolation" time="0.138" /><testcase classname="tests.test_smart_reply.TestFavorites" name="test_favorites_list" time="0.109" /><testcase classname="tests.test_smart_reply.TestFavorites" name="test_favorites_user2_empty" time="0.100" /><testcase classname="tests.test_smart_reply.TestFavorites" name="test_favorite_delete" time="0.213" /><testcase classname="tests.test_smart_reply.TestFavorites" name="test_favorite_delete_404" time="0.103" /><testcase classname="tests.test_smart_reply.TestUsageGate" name="test_seed_counter_to_limit_via_mongo" time="0.397" /><testcase classname="tests.test_smart_reply.TestUsageGate" name="test_status_shows_zero_remaining" time="0.115" /><testcase classname="tests.test_smart_reply.TestUsageGate" name="test_sixth_generate_returns_402" time="0.111" /><testcase classname="tests.test_smart_reply.TestAnalytics" name="test_track_emits_tagged_event" time="0.122" /><testcase classname="tests.test_smart_reply.TestAnalytics" name="test_track_rejects_unknown_event" time="0.113" /><testcase classname="tests.test_smart_reply.TestAnalytics" name="test_analytics_collection_tagged_with_variant" time="0.004" /></testsuite></testsuites>