<?xml version="1.0" encoding="utf-8"?><testsuites name="pytest tests"><testsuite name="pytest" errors="0" failures="0" skipped="0" tests="14" time="8.379" timestamp="2026-05-10T07:00:10.399861+00:00" hostname="agent-env-cdd0d1b6-3f6d-4789-a6f8-59b89187586d"><testcase classname="backend.tests.test_voice_share_metrics.TestShareEndpoint" name="test_share_requires_confirmation" time="5.503" /><testcase classname="backend.tests.test_voice_share_metrics.TestShareEndpoint" name="test_share_create_redacts_all_categories" time="0.051" /><testcase classname="backend.tests.test_voice_share_metrics.TestShareEndpoint" name="test_share_idempotent" time="0.101" /><testcase classname="backend.tests.test_voice_share_metrics.TestShareEndpoint" name="test_public_get_share_no_auth" time="0.653" /><testcase classname="backend.tests.test_voice_share_metrics.TestShareEndpoint" name="test_public_get_404_for_unknown" time="0.107" /><testcase classname="backend.tests.test_voice_share_metrics.TestShareEndpoint" name="test_share_owner_isolation" time="0.140" /><testcase classname="backend.tests.test_voice_share_metrics.TestShareEndpoint" name="test_delete_share_removes_public_access" time="0.151" /><testcase classname="backend.tests.test_voice_share_metrics.TestTrackShareEvents" name="test_track_share_warning_shown" time="0.206" /><testcase classname="backend.tests.test_voice_share_metrics.TestAdminMetrics" name="test_metrics_unauth_401_or_403" time="0.147" /><testcase classname="backend.tests.test_voice_share_metrics.TestAdminMetrics" name="test_metrics_non_admin_403" time="1.066" /><testcase classname="backend.tests.test_voice_share_metrics.TestAdminMetrics" name="test_metrics_admin_full_payload" time="0.057" /><testcase classname="backend.tests.test_voice_share_metrics.TestAdminMetrics" name="test_metrics_window_clamp" time="0.047" /><testcase classname="backend.tests.test_voice_share_metrics.TestPIIRedact" name="test_redact_categories" time="0.001" /><testcase classname="backend.tests.test_voice_share_metrics.TestPIIRedact" name="test_redact_empty_safe" time="0.001" /></testsuite></testsuites>