<?xml version="1.0" encoding="utf-8"?><testsuites name="pytest tests"><testsuite name="pytest" errors="0" failures="0" skipped="0" tests="21" time="31.721" timestamp="2026-05-10T06:39:53.126429+00:00" hostname="agent-env-cdd0d1b6-3f6d-4789-a6f8-59b89187586d"><testcase classname="backend.tests.test_voice_messaging.TestUsage" name="test_anon_usage_initial" time="0.247" /><testcase classname="backend.tests.test_voice_messaging.TestUsage" name="test_authed_usage" time="0.694" /><testcase classname="backend.tests.test_voice_messaging.TestUsage" name="test_usage_requires_device_or_auth" time="0.123" /><testcase classname="backend.tests.test_voice_messaging.TestTextPipeline" name="test_text_input_cleans_filler" time="1.270" /><testcase classname="backend.tests.test_voice_messaging.TestTextPipeline" name="test_generate_all_returns_six_tones" time="14.134" /><testcase classname="backend.tests.test_voice_messaging.TestTextPipeline" name="test_generate_single_tone" time="1.768" /><testcase classname="backend.tests.test_voice_messaging.TestTextPipeline" name="test_refine_creates_new_message_id" time="1.108" /><testcase classname="backend.tests.test_voice_messaging.TestTextPipeline" name="test_refine_all_types" time="6.017" /><testcase classname="backend.tests.test_voice_messaging.TestTextPipeline" name="test_patch_session_updates_transcript" time="0.049" /><testcase classname="backend.tests.test_voice_messaging.TestTextPipeline" name="test_copy_event_increments" time="0.048" /><testcase classname="backend.tests.test_voice_messaging.TestHistory" name="test_authed_history_has_messages" time="0.053" /><testcase classname="backend.tests.test_voice_messaging.TestHistory" name="test_anon_history_empty" time="0.054" /><testcase classname="backend.tests.test_voice_messaging.TestAnonLimit" name="test_burn_three_then_block" time="3.451" /><testcase classname="backend.tests.test_voice_messaging.TestTranscribe" name="test_transcribe_tiny_wav" time="0.692" /><testcase classname="backend.tests.test_voice_messaging.TestTranscribe" name="test_transcribe_rejects_empty" time="0.103" /><testcase classname="backend.tests.test_voice_messaging.TestTrack" name="test_track_allowed_event" time="0.130" /><testcase classname="backend.tests.test_voice_messaging.TestTrack" name="test_track_rejects_unknown" time="0.135" /><testcase classname="backend.tests.test_voice_messaging.TestTrack" name="test_track_all_allowed_events" time="0.792" /><testcase classname="backend.tests.test_voice_messaging.TestAnalyticsSeparation" name="test_voice_events_only_in_voice_collection" time="0.002" /><testcase classname="backend.tests.test_voice_messaging.TestRegression" name="test_smart_reply_health_or_existing" time="0.099" /><testcase classname="backend.tests.test_voice_messaging.TestRegression" name="test_login_works" time="0.591" /></testsuite></testsuites>